[0;32m[INFO][0m 2024-11-26 08:25:08 - Starting cleanup process...
[0;32m[INFO][0m 2024-11-26 08:25:08 - Checking system requirements...
[0;32m[INFO][0m 2024-11-26 08:25:08 - System requirements check completed
[0;32m[INFO][0m 2024-11-26 08:25:08 - Starting Docker container cleanup...
[0;32m[INFO][0m 2024-11-26 08:25:08 - Container cleanup completed. Removed 0 containers
[0;32m[INFO][0m 2024-11-26 08:25:08 - Starting Docker image cleanup...
[0;32m[INFO][0m 2024-11-26 08:25:08 - No dev-peer images found for deletion
[0;32m[INFO][0m 2024-11-26 08:25:08 - Starting file system cleanup...
[0;32m[INFO][0m 2024-11-26 08:25:08 - Path does not exist, skipping: kuntheabophaCa/crypto-config/
[0;32m[INFO][0m 2024-11-26 08:25:08 - Removing: artifacts/
[0;32m[INFO][0m 2024-11-26 08:25:08 - Successfully removed: artifacts/
[0;32m[INFO][0m 2024-11-26 08:25:08 - Removing: ./config/
[0;32m[INFO][0m 2024-11-26 08:25:08 - Successfully removed: ./config/
[0;32m[INFO][0m 2024-11-26 08:25:08 - Path does not exist, skipping: chaincode/node_modules
[0;32m[INFO][0m 2024-11-26 08:25:08 - Removing: configtx.yaml
[0;32m[INFO][0m 2024-11-26 08:25:08 - Successfully removed: configtx.yaml
[0;32m[INFO][0m 2024-11-26 08:25:08 - File system cleanup completed. Removed 3 items
[0;32m[INFO][0m 2024-11-26 08:25:08 - Creating required directories...
[0;32m[INFO][0m 2024-11-26 08:25:08 - Creating directory: artifacts
[0;32m[INFO][0m 2024-11-26 08:25:08 - Successfully created: artifacts
[0;32m[INFO][0m 2024-11-26 08:25:08 - Creating directory: config
[0;32m[INFO][0m 2024-11-26 08:25:08 - Successfully created: config
[0;32m[INFO][0m 2024-11-26 08:25:08 - Directory creation completed
[0;32m[INFO][0m 2024-11-26 08:25:08 - Cleanup process completed successfully
